status code 201 for adding http://savewikileaks.net/another-wikileaks-address/ to instapaper
status code 201 for adding http://twitter.com/#!/search/%23imwikileaks to instapaper
status code 201 for adding http://wikileaks.dd19.de/ to instapaper
status code 201 for adding http://www.wikileaks.pl to instapaper
status code 201 for adding http://www.wikileaks.ch to instapaper
status code 201 for adding http://www.wikileaks.fi to instapaper
status code 201 for adding http://www.wikileaks.no to instapaper
status code 201 for adding http://www.wikileaks.nl to instapaper
status code 201 for adding http://www.wikileaks.de to instapaper
status code 201 for adding http://www.wikileaks.at to instapaper
status code 201 for adding http://www.wikileaks.org to instapaper
status code 201 for adding http://213.251.145.96/ to instapaper
status code 201 for adding http://46.59.1.2/ to instapaper
status code 201 for adding http://58.97.5.29/www.capothai.org/ to instapaper
status code 201 for adding http://www.facebook.com/wikileaks to instapaper
status code 201 for adding http://www.ctunnel.com/ to instapaper
status code 201 for adding http://hotfile.com/dl/57733000/664f6b6/200402009diarywar.html.7z.html to instapaper
status code 201 for adding http://en.wikinews.org/wiki/Wikileaks_to_release_thousands_of_secret_documents;_%27international_embarrassment%27_likely to instapaper
status code 201 for adding http://en.wikinews.org/wiki/Files_will_risk_%27countless%27_lives,_Obama_administration_warns_Wikileaks to instapaper
status code 201 for adding http://en.wikinews.org/wiki/Wikileaks_website_attacked;_millions_of_files_to_be_released_tonight to instapaper
status code 201 for adding http://www.guardian.co.uk/media/blog/2010/dec/03/wikileaks-knocked-off-net-dns-everydns to instapaper
status code 201 for adding https://twitter.com/wikileaks/status/10567274838622208 to instapaper
status code 201 for adding http://web.archive.org/web/20080314204422/http://www.wikileaks.org/wiki/Wikileaks:About to instapaper
status code 201 for adding http://www.wikileaks.org/wiki/WikiLeaks:About to instapaper
status code 201 for adding http://www.alexa.com/siteinfo/wikileaks.org to instapaper
status code 201 for adding http://www.nytimes.com/2010/12/04/world/europe/04domain.html?_r=1&hp to instapaper
status code 201 for adding http://web.archive.org/web/20080216000537/http://www.wikileaks.org/wiki/Wikileaks:About#Wikileaks_has_1.2_million_documents.3F to instapaper
status code 201 for adding http://www.wikileaks.org/wiki/Wikileaks:About#Wikileaks_has_1.2_million_documents.3F to instapaper
status code 201 for adding http://www.guardian.co.uk/world/2010/apr/05/wikileaks-us-army-iraq-attack to instapaper
status code 201 for adding http://www.indexoncensorship.org/2008/04/winners-of-index-on-censorship-freedom-of-expression-award-announced/ to instapaper
status code 201 for adding http://wikileaks.org/wiki/Kenya:_The_Cry_of_Blood_-_Report_on_Extra-Judicial_Killings_and_Disappearances,_Sep_2008 to instapaper
status code 201 for adding http://amnesty.org.uk/news_details.asp?NewsID=18227 to instapaper
status code 201 for adding http://www.nydailynews.com/money/2010/05/20/2010-05-20_5_pioneering_web_sites_that_could_totally_change_the_news.html to instapaper
status code 201 for adding http://www.webcitation.org/5ukvPaEhj to instapaper
status code 201 for adding http://www.msnbc.msn.com/id/38606166/ns/us_news-security/ to instapaper
status code 201 for adding http://www.charlotteobserver.com/2010/12/02/1882168/the-noose-tightens-around-wikileaks.html to instapaper
status code 201 for adding http://www.independent.co.uk/news/world/politics/wikileaks-hit-by-new-online-onslaught-2151570.html to instapaper
status code 201 for adding http://www.time.com/time/world/article/0,8599,2034276-3,00.html to instapaper
status code 201 for adding http://www.newyorker.com/reporting/2010/06/07/100607fa_fact_khatchadourian?currentPage=8 to instapaper
status code 201 for adding http://www.newscientist.com/channel/tech/mg19325865.500-how-to-leak-a-secret-and-not-get-caught.html to instapaper
status code 201 for adding http://www.theage.com.au/news/Technology/Chinese-cyberdissidents-launch-WikiLeaks-a-site-forwhistleblowers/2007/01/11/1168105082315.html to instapaper
status code 201 for adding http://www.theaustralian.com.au/news/rudd-government-blacklist-hacker-monitors-police/story-e6frg8yx-1225718288350 to instapaper
status code 201 for adding http://www.nytimes.com/2010/10/24/world/24assange.html to instapaper
status code 201 for adding http://wikileaks.org/wiki/WikiLeaks:Advisory_Board to instapaper
status code 201 for adding http://motherjones.com/politics/2010/04/wikileaks-julian-assange-iraq-video?page=2 to instapaper
status code 201 for adding http://web.archive.org/web/20070221224039/http://www.asiamedia.ucla.edu/article-eastasia.asp?parentid=60857 to instapaper
status code 201 for adding http://www.asiamedia.ucla.edu/article-eastasia.asp?parentid=60857 to instapaper
status code 201 for adding http://web.archive.org/web/20070927224330/http://www.nowpublic.com/wikileaks_and_untraceable_document_disclosure to instapaper
status code 201 for adding http://www.nowpublic.com/wikileaks_and_untraceable_document_disclosure to instapaper
status code 201 for adding http://www.newyorker.com/reporting/2010/06/07/100607fa_fact_khatchadourian?printable=true to instapaper
status code 201 for adding http://en.wiktionary.org/wiki/tranche#Noun to instapaper
status code 201 for adding http://www.theregister.co.uk/2010/06/02/wikileaks_tor_snooping_denial/ to instapaper
status code 201 for adding http://www.nysun.com/article/62236 to instapaper
status code 201 for adding http://web.archive.org/web/20071127164824/http://www.scenta.co.uk/scenta/news.cfm?cit_id=1432293&FAArea1=widgets.content_view_1 to instapaper
status code 201 for adding http://www.scenta.co.uk/scenta/news.cfm?cit_id=1432293&FAArea1=widgets.content_view_1 to instapaper
status code 201 for adding http://www.linuxworld.com.au/index.php/id;1264532314;fp;2;fpid;1 to instapaper
status code 201 for adding http://www.freemarketnews.com/WorldNews.asp?nid=31640 to instapaper
status code 201 for adding http://twitter.com/wikileaks/status/6995068005 to instapaper
status code 201 for adding http://wikileaks.org/ to instapaper
status code 201 for adding http://mirror.wikileaks.info/ to instapaper
status code 201 for adding http://mirror.infoboj.eu/ to instapaper
status code 201 for adding http://www.guardian.co.uk/commentisfree/libertycentral/2010/jan/29/wikileaks-shut-down to instapaper
status code 201 for adding http://stefanmey.wordpress.com/2010/01/04/leak-o-nomy-the-economy-of-wikileaks/ to instapaper
status code 201 for adding http://twitter.com/wikiLeaks to instapaper
status code 201 for adding http://twitter.com/wikileaks/status/8613426708 to instapaper
status code 201 for adding http://twitter.com/wikileaks/status/8192453527 to instapaper
status code 201 for adding https://twitter.com/wikileaks/status/14270362566 to instapaper
status code 201 for adding http://www.newyorker.com/reporting/2010/06/07/100607fa_fact_khatchadourian?currentPage=all to instapaper
status code 201 for adding http://mediadecoder.blogs.nytimes.com/2010/06/17/knight-foundation-hands-out-grants-to-12-groups-but-not-wikileaks/ to instapaper
status code 201 for adding http://news.yahoo.com/s/ynews/20100617/ts_ynews/ynews_ts2677_3 to instapaper
status code 201 for adding http://www.wired.com/threatlevel/2010/07/wikileaks_repair/ to instapaper
status code 201 for adding http://news.cnet.com/8301-1009_3-20010861-83.html to instapaper
status code 201 for adding https://docs.google.com/document/pub?id=1ebTGiyaQQ2HSCOpqsD8GD7x_7IBqkeYZ4jfEJ_rYeFQ to instapaper
status code 201 for adding http://blog.ted.com/2010/07/surprise_speake.php to instapaper
status code 201 for adding http://www.geekosystem.com/wikileaks-julian-assange-ted/ to instapaper
status code 201 for adding http://news.cnet.com/8301-27080_3-20012253-245.html to instapaper
status code 201 for adding http://www.techeye.net/internet/wau-holland-foundation-sheds-light-on-wikileaks-donations#ixzz0td0dXhBx to instapaper
status code 201 for adding http://www.aolnews.com/world/article/wiklleaks-woes-grow-as-spokesman-quits-site/19651296?test=latestnews to instapaper
status code 201 for adding http://www.physorg.com/news205093515.html to instapaper
status code 201 for adding http://www.sfgate.com/cgi-bin/article.cgi?f=/g/a/2010/09/28/businessinsider-wikileaks-spokesman-quits.DTL to instapaper
status code 201 for adding http://www.aolnews.com/world/article/wikileaks-woes-grow-as-spokesman-quits-site/19651296 to instapaper
status code 201 for adding http://www.dn.se/nyheter/varlden/jagad-och-hatad-men-han-vagrar-vika-sig-1.1153725 to instapaper
status code 201 for adding http://blogg.aftonbladet.se/janhelin/2010/08/darfor-blir-julian-assange-kolumnist-i-aftonbladet to instapaper
status code 201 for adding http://www.theregister.co.uk/2008/02/21/wikileaks_bulletproof_hosting/ to instapaper
status code 201 for adding http://news.blogs.cnn.com/2010/07/25/what-is-wikileaks/?iref=storysearch to instapaper
status code 201 for adding http://www.dn.se/nyheter/sverige/piratpartiet-skoter-wikileak-servrar-1.1155285 to instapaper
status code 201 for adding http://edition.cnn.com/2010/WORLD/europe/08/18/sweden.wikileaks/#fbid=zfd5Igi2Lea&wom=false to instapaper
status code 201 for adding http://www.vg.no/nyheter/utenriks/artikkel.php?artid=10018210 to instapaper
status code 201 for adding http://blogs.forbes.com/andygreenberg/2010/08/30/wikileaks-servers-move-to-underground-nuclear-bunker/?boxes=businesschanneltopstories to instapaper
status code 201 for adding http://edition.cnn.com/2010/US/12/01/wikileaks.amazon/index.html?eref=edition to instapaper
status code 201 for adding http://www.lepoint.fr/high-tech-internet/expulse-d-amazon-wikileaks-s-installe-en-france-02-12-2010-1270137_47.php to instapaper
status code 201 for adding http://web.archive.org/web/20080216000537/http://www.wikileaks.org/wiki/Wikileaks:About#Is_Wikileaks_accessible_across_the_globe_or_do_oppressive_regimes_in_certain_countries_block_the_site.3F to instapaper
status code 201 for adding http://www.wikileaks.org/wiki/Wikileaks:About#Is_Wikileaks_accessible_across_the_globe_or_do_oppressive_regimes_in_certain_countries_block_the_site.3F to instapaper
status code 201 for adding http://www.freehaven.net/anonbib/cache/wpes09-bridge-attack.pdf to instapaper
status code 201 for adding http://www.tsr.ch/info/suisse/2657308-julian-assange-compte-demander-l-asile-en-suisse.html to instapaper
status code 201 for adding http://www.reuters.com/article/idUSTRE6A369920101104 to instapaper
status code 201 for adding http://news.orf.at/stories/2023751/ to instapaper
status code 201 for adding http://www.almanar.com.lb/newssite/NewsDetails.aspx?id=161016&language=en to instapaper
status code 201 for adding http://www.independent.co.uk/news/media/online/wiki-giants-on-a-collision-course-over-shared-name-2065561.html to instapaper
status code 201 for adding http://web.archive.org/web/20080216000537/http://www.wikileaks.org/wiki/Wikileaks:About#What_is_WikiLeaks.3F_How_does_WikiLeaks_operate.3F to instapaper
status code 201 for adding http://www.wikileaks.org/wiki/Wikileaks:About#What_is_WikiLeaks.3F_How_does_WikiLeaks_operate.3F to instapaper
status code 201 for adding http://web.archive.org/web/20080419013425/http://www.wikileaks.org/wiki/Wikileaks:Submissions to instapaper
status code 201 for adding http://wikileaks.org/wiki/Wikileaks:Submissions to instapaper
status code 201 for adding http://www.fas.org/blog/secrecy/2007/01/wikileaks_and_untraceable_docu.html to instapaper
status code 201 for adding http://web.archive.org/web/20080504122032/http://wikileaks.org/wiki/Wikileaks:About#What_is_Wikileaks.3F_How_does_Wikileaks_operate.3F to instapaper
status code 201 for adding http://wikileaks.org/wiki/Wikileaks:About#What_is_Wikileaks.3F_How_does_Wikileaks_operate.3F to instapaper
status code 201 for adding http://motherjones.com/mojo/2010/05/wikileaks-assange-returns to instapaper
status code 201 for adding http://www.federaltimes.com/index.php?S=2460843 to instapaper
status code 201 for adding http://web.archive.org/web/20070701115958/http://wikileaks.org/faq-en to instapaper
status code 201 for adding http://wikileaks.org/faq-en to instapaper
status code 201 for adding http://motherjones.com/politics/2010/04/wikileaks-julian-assange-iraq-video?page=3 to instapaper
status code 201 for adding http://www.bloomberg.com/news/2010-07-28/wikileaks-secret-records-dump-stays-in-legal-clear-ann-woolner.html to instapaper
status code 201 for adding http://www.pcworld.idg.com.au/article/323998/wikileaks_leader_talks_courage_wrestling_pigs/ to instapaper
status code 201 for adding http://www.washingtonpost.com/wp-dyn/content/article/2010/11/29/AR2010112905973.html to instapaper
status code 201 for adding http://www.nytimes.com/2010/12/02/world/02legal.html to instapaper
status code 201 for adding http://www.wired.com/threatlevel/2010/07/wikileaks-insurance-file/ to instapaper
status code 201 for adding http://www.webcitation.org/5uhylLWl9 to instapaper
status code 201 for adding http://www.telegraph.co.uk/news/worldnews/wikileaks/8178457/WikiLeaks-website-disconnected-as-US-company-withdraws-support.html to instapaper
status code 201 for adding http://www.webcitation.org/5uhyqi1SX to instapaper
status code 201 for adding http://www.cbsnews.com/stories/2010/12/02/eveningnews/main7111845.shtml to instapaper
status code 201 for adding http://www.timesonline.co.uk/tol/news/world/us_and_americas/article7094234.ece to instapaper
status code 201 for adding http://www.guardian.co.uk/media/2010/dec/05/julian-assange-lawyers-being-watched to instapaper
status code 201 for adding http://www.translate.google.com/translate?js=y&prev=_t&hl=en&ie=UTF-8&u=http://www.heise.de/newsticker/Hausdurchsuchung-bei-Inhaber-der-Domain-wikileaks-de-Update--/meldung/135147&sl=auto&tl=en&history_state0=auto to instapaper
status code 201 for adding http://www.heise.de/newsticker/Hausdurchsuchung-bei-Inhaber-der-Domain-wikileaks-de-Update--/meldung/135147 to instapaper
status code 201 for adding http://www.networkworld.com/news/2009/032509-wikileaks-raided-by-german.html to instapaper
status code 201 for adding http://wikileaks.info/wiki/Police_raid_home_of_Wikileaks.de_domain_owner_over_censorship_lists/ to instapaper
status code 201 for adding http://wikileaks.org/wiki/Police_raid_home_of_Wikileaks.de_domain_owner_over_censorship_lists to instapaper
status code 201 for adding http://web.archive.org/web/20080216000537/http://www.wikileaks.org/wiki/Wikileaks:About#Is_Wikileaks_blocked_by_the_Chinese_government.3F to instapaper
status code 201 for adding http://www.wikileaks.org/wiki/Wikileaks:About#Is_Wikileaks_blocked_by_the_Chinese_government.3F to instapaper
status code 201 for adding http://www.theage.com.au/news/home/technology/banned-hyperlinks-could-cost-you-11000-a-day/2009/03/17/1237054787635.html?page=fullpage#contentSwap1&page=-1/ to instapaper
status code 201 for adding http://www.wikileaks.org/wiki/Australia_secretly_censors_Wikileaks_press_release_and_Danish_Internet_censorship_list,_16_Mar_2009/ to instapaper
status code 201 for adding http://www.zdnet.com.au/wikileaks-removed-from-acma-blacklist-339307604.htm to instapaper
status code 201 for adding http://www.thaivisa.com/forum/topic/391577-thailand-blocks-access-to-wikileaks-website/ to instapaper
status code 201 for adding http://online.wsj.com/article/SB10001424052748703824304575435170175485654.html?mod=googlenews_wsj to instapaper
status code 201 for adding http://blogs.loc.gov/loc/2010/12/why-the-library-of-congress-is-blocking-wikileaks/ to instapaper
status code 201 for adding http://edition.cnn.com/2010/US/12/03/wikileaks.access.warning/index.html to instapaper
status code 201 for adding http://www.washingtonpost.com/wp-dyn/content/article/2010/11/29/AR2010112902563.html to instapaper
status code 201 for adding http://blogs.wsj.com/law/2010/07/26/pentagon-papers-ii-on-wikileaks-and-the-first-amendment/ to instapaper
status code 201 for adding http://www.cjr.org/behind_the_news/thin_ice.php to instapaper
status code 201 for adding http://www.thefreelibrary.com/Iceland+court+lifts+gag+order+after+public+outrage-a01611956752 to instapaper
status code 201 for adding http://news.bbc.co.uk/2/hi/technology/8510927.stm to instapaper
status code 201 for adding http://immi.is/?l=en to instapaper
status code 201 for adding http://twitter.com/wikileaks/status/12558544922 to instapaper
status code 201 for adding http://www.news.com.au/technology/wikileaks-claims-facebook-deleted-its-page-30000-fans/story-e6frfro0-1225856489723 to instapaper
status code 201 for adding http://gawker.com/5520933/wikileaks-claims-facebook-deleted-their-fan-page-because-they-promote-illegal-acts to instapaper
status code 201 for adding http://techpresident.com/blog-entry/wikileaks-fan-page-pulled-down-being-inauthentic-says-facebook to instapaper
status code 201 for adding http://www.beehivecity.com/hightech/wikileaks-supporters-embrace-twitter-facebook-as-accounts-boom114012132/ to instapaper
status code 201 for adding http://www.famecount.com/all-platforms/Worldwide to instapaper
status code 201 for adding http://www.guardian.co.uk/media/2010/oct/14/wikileaks-says-funding-is-blocked to instapaper
status code 201 for adding http://www.zdnet.co.uk/news/security/2010/12/03/wikileaks-loses-domain-name-after-dos-attacks-40091046/ to instapaper
status code 201 for adding http://www.nytimes.com/2010/12/04/world/europe/04domain.html to instapaper
status code 201 for adding http://www.theage.com.au/world/attacks-shut-down-wikileaks-20101203-18jqt.html to instapaper
status code 201 for adding http://www.guardian.co.uk/media/2010/dec/01/wikileaks-website-cables-servers-amazon to instapaper
status code 201 for adding http://aws.amazon.com/message/65348/ to instapaper
status code 201 for adding http://www.wired.com/threatlevel/2010/12/shield/ to instapaper
status code 201 for adding http://www.cbsnews.com/stories/2010/12/04/world/main7117213.shtml to instapaper
status code 201 for adding http://www.bloomberg.com/news/2010-12-04/paypal-restricts-wikileaks-account-as-website-comes-under-global-scrutity.html to instapaper
status code 201 for adding http://www.thenation.com/blog/156709/greg-mitchell-and-daniel-ellsberg-wikileaks-document-dump to instapaper
status code 201 for adding http://www.bbc.co.uk/news/world-11879951 to instapaper
status code 201 for adding http://www.veteransforpeace.org/Wikileaks_will_spark_resistance.vp.html to instapaper
status code 201 for adding http://www.greenleft.org.au/node/45225 to instapaper
status code 201 for adding http://www.cbsnews.com/8301-503544_162-20024605-503544.html to instapaper
status code 201 for adding http://floridaindependent.com/16029/rep-connie-mack-americans-have-a-right-to-know-contents-of-wikileaks-dump to instapaper
status code 201 for adding http://en.rsf.org/wikileaks-hounded-04-12-2010,38958.html to instapaper
status code 201 for adding http://the-diplomat.com/2010/12/06/only-wikileaks-can-save-obama-policy to instapaper
status code 201 for adding http://www.theatlantic.com/international/archive/2010/12/the-shameful-attacks-on-julian-assange/67440/ to instapaper
status code 201 for adding http://www.guardian.co.uk/media/2009/jun/03/amnesty-international-media-awards to instapaper
status code 201 for adding http://www.jpost.com/International/Article.aspx?id=197327 to instapaper
status code 201 for adding http://english.aljazeera.net/news/americas/2010/11/2010113033515743921.html to instapaper
status code 201 for adding http://us.mobile.reuters.com/article/topNews/idUSTRE6AT66820101201 to instapaper
status code 201 for adding http://www.bloomberg.com/news/2010-11-30/chavez-praises-wikileaks-for-bravery-while-calling-on-clinton-to-resign.html to instapaper
status code 201 for adding http://news.sky.com/skynews/Home/World-News/WikiLeaks-Website-Behind-US-Cable-Leaks-Goes-From-Humble-Start-To-Enemy-Of-Governments-Worldwide/Article/201011415837564?lpos=World_News_First_Home_Page_Feature_Teaser_Region_0&lid=ARTICLE_15837564_WikiLeaks%3A_Website_Behind_US_Cable_Leaks_Goes_From_Humble_Start_To_Enemy_Of_Governments_Worldwide to instapaper
status code 201 for adding http://www.wired.co.uk/magazine/archive/2009/10/start/exposed-wikileaks-secrets to instapaper
status code 201 for adding http://news.cnet.com/8301-31921_3-20011106-281.html to instapaper
status code 201 for adding http://www.firstamendmentcoalition.org/2010/06/secrecy-news-criticizes-wikileaks/ to instapaper
status code 201 for adding http://online.wsj.com/article/SB10001424052748703428604575419580947722558.html to instapaper
status code 201 for adding http://en.rsf.org/united-states-open-letter-to-wikileaks-founder-12-08-2010,38130.html to instapaper
status code 201 for adding http://en.rsf.org/united-states-criticism-of-wikileaks-is-not-a-17-08-2010,38169.html to instapaper
status code 201 for adding http://www.cbc.ca/politics/story/2010/12/01/flanagan-wikileaks-assange.html to instapaper
status code 201 for adding http://www.montrealgazette.com/news/WikiLeaks+founder+professor+Flanagan+comments+criminal/3926597/story.html to instapaper
status code 201 for adding http://www.theage.com.au/technology/gillard-condemns-wikileaks-20101202-18haq.html to instapaper
status code 201 for adding http://www.theage.com.au/national/pm-has-betrayed-me-assange-20101204-18ks8.html to instapaper
status code 201 for adding http://www.businessweek.com/news/2010-12-03/wikileaks-flees-to-switzerland-as-u-s-france-options-narrow.html to instapaper
status code 201 for adding http://www.guardian.co.uk/world/2010/nov/29/wikileaks-claims-psychological-warfare-ahmadinejad to instapaper
status code 201 for adding http://www.nypost.com/p/news/international/obama_administration_in_damage_control_JBSDPnEISQvcyu0ZfHx7XL#ixzz16kRfnGL0 to instapaper
status code 201 for adding http://news.cnet.com/8301-13578_3-20023941-38.html#ixzz16keYyAPb to instapaper
status code 201 for adding http://www.huffingtonpost.com/jonathan-weiler/let-us-now-praise-wikilea_b_790673.html to instapaper
status code 201 for adding http://www.state.gov/r/pa/prs/dpb/2010/12/152291.htm to instapaper
status code 201 for adding http://www.guardian.co.uk/kenya/story/0,,2159757,00.html to instapaper
status code 201 for adding http://web.archive.org/web/20080306005837/http://www.wikileaks.org/wiki/Wikileaks.org_under_injunction to instapaper
status code 201 for adding http://www.wikileaks.org/wiki/Wikileaks.org_under_injunction to instapaper
status code 201 for adding http://news.justia.com/cases/featured/california/candce/3:2008cv00824/200125/ to instapaper
status code 201 for adding http://www.theinquirer.net/inquirer/news/1039527/judge-rethinks-wikileaks to instapaper
status code 201 for adding http://www.reuters.com/article/internetNews/idUSN2927431720080229 to instapaper
status code 201 for adding http://www.informationweek.com/management/showArticle.jhtml?articleID=206902154 to instapaper
status code 201 for adding http://www.wired.com/politics/onlinerights/news/2007/11/gitmo to instapaper
status code 201 for adding http://image.guardian.co.uk/sys-files/Guardian/documents/2007/11/15/gitmosop.pdf to instapaper
status code 201 for adding http://www.reuters.com/article/newsOne/idUSN1424207020071114?pageNumber=1 to instapaper
status code 201 for adding http://web.archive.org/web/20080403235835/http://wikileaks.org/wiki/Camp_Delta_Standard_Operating_Procedure_(2004) to instapaper
status code 201 for adding http://wikileaks.org/wiki/Camp_Delta_Standard_Operating_Procedure_%282004%29 to instapaper
status code 201 for adding http://web.archive.org/web/20080404110524/http://wikileaks.org/wiki/Changes_in_Guantanamo_Bay_SOP_manual_(2003-2004) to instapaper
status code 201 for adding http://wikileaks.org/wiki/Changes_in_Guantanamo_Bay_SOP_manual_(2003-2004) to instapaper
status code 201 for adding http://www.wikileaks.org/wiki/Church_of_Scientology_collected_Operating_Thetan_documents to instapaper
status code 201 for adding http://en.wikinews.org/wiki/Church_of_Scientology_warns_Wikileaks_over_documents to instapaper
status code 201 for adding http://blog.wired.com/27bstroke6/2008/09/group-posts-e-m.html to instapaper
status code 201 for adding http://www.washingtonpost.com/wp-dyn/content/article/2008/09/17/AR2008091703304.html?hpid=topnews to instapaper
status code 201 for adding http://elections.foxnews.com/2008/09/18/palins-e-mail-hacked/ to instapaper
status code 201 for adding http://www.telegraph.co.uk/news/newstopics/uselection2008/sarahpalin/2980391/Sarah-Palins-email-account-broken-into-by-hackers.html to instapaper
status code 201 for adding http://knoxville.fbi.gov/dojpressrel/2008/kxhacking100808.htm to instapaper
status code 201 for adding http://news.slashdot.org/article.pl?sid=08/09/21/160222 to instapaper
status code 201 for adding http://www.theregister.co.uk/2008/09/18/palin_email_investigation/ to instapaper
status code 201 for adding http://news.bbc.co.uk/1/hi/england/merseyside/7956824.stm to instapaper
status code 201 for adding http://www.guardian.co.uk/politics/2008/nov/19/bnp-list to instapaper
status code 201 for adding http://news.infoshop.org/article.php?story=20081118214827111 to instapaper
status code 201 for adding http://www.dailymail.co.uk/news/article-1087101/Police-officer-faces-investigation-outed-BNP-supporter-membership-leak.html to instapaper
status code 201 for adding http://www.guardian.co.uk/politics/2009/oct/20/bnp-membership-list-wikileaks to instapaper
status code 201 for adding http://britanniaradio.blogspot.com/2009/01/wikileaks-releases-un-bombshell_15.html to instapaper
status code 201 for adding http://www.wikileaks.name/Change_you_can_download-_a_billion_in_secret_Congressional_reports.htm to instapaper
status code 201 for adding http://wikileaks.org/wiki/Change_you_can_download:_a_billion_in_secret_Congressional_reports to instapaper
status code 201 for adding http://wikileaks.org/wiki/The_Big_Bad_Database_of_Senator_Norm_Coleman to instapaper
status code 201 for adding http://wikileaks.org/wiki/The_Guardian:_Censored_Barclays_tax_avoidance_leaked_memos%2C_16_Mar_2009 to instapaper
status code 201 for adding http://www.official-documents.gov.uk/document/cm79/7934/7934.pdf to instapaper
status code 201 for adding http://www.nypost.com/p/news/opinion/opedcolumnists/wikileaks_org_aims_to_expose_lies_flsLqNMO3B0LEtxL5bNaKL to instapaper
status code 201 for adding http://www.smh.com.au/technology/technology-news/wikileaks-shuts-down-unable-to-plug-funding-gap-20100202-n9z4.html to instapaper
status code 201 for adding http://www.efa.org.au/2009/03/19/leaked-government-blacklist-confirms-worst-fears/ to instapaper
status code 201 for adding http://www.forbes.com/2009/03/19/australia-internet-censorship-markets-economy-wikileaks.html to instapaper
status code 201 for adding http://www.smh.com.au/articles/2009/03/19/1237054961100.html to instapaper
status code 201 for adding http://www.zdnet.com.au/news/security/soa/Wikileaks-spills-ACMA-blacklist/0,130061744,339295538,00.htm to instapaper
status code 201 for adding http://www.abc.net.au/news/stories/2009/03/19/2520929.htm?section=australia to instapaper
status code 201 for adding http://web.archive.org/web/20080116070133/http://secure.wikileaks.org/wiki/Internet_Censorship_in_Thailand to instapaper
status code 201 for adding http://secure.wikileaks.org/wiki/Internet_Censorship_in_Thailand to instapaper
status code 201 for adding http://wikileaks.org/wiki/Category:Series/Bilderberg_reports to instapaper
status code 201 for adding http://wikileaks.org/wiki/Bilderberg_Group_History%2C_1956 to instapaper
status code 201 for adding http://wikileaks.org/wiki/86_interceptaciones_telefonicas_a_politicos_y_autoridades_peruanos,_m%C3%A1s_del_caso_Petrogate,_2008 to instapaper
status code 201 for adding http://news.bbc.co.uk/2/hi/8153775.stm to instapaper
status code 201 for adding http://mirror.wikileaks.info/wiki/Serious_nuclear_accident_may_lay_behind_Iranian_nuke_chief%27s_mystery_resignation/ to instapaper
status code 201 for adding http://www.richardsilverstein.com/tikun_olam/tag/wikileaks/ to instapaper
status code 201 for adding http://www.csmonitor.com/USA/2010/0924/Stuxnet-worm-mystery-What-s-the-cyber-weapon-after to instapaper
status code 201 for adding http://blog.foreignpolicy.com/posts/2010/09/27/6_mysteries_about_stuxnet to instapaper
status code 201 for adding http://warincontext.org/2010/09/26/iran-confirms-stuxnet-found-at-bushehr-nuclear-power-plant/ to instapaper
status code 201 for adding http://www.indexoncensorship.org/2009/10/a-gag-too-far/ to instapaper
status code 201 for adding http://mirror.wikileaks.info/wiki/Minton_report_secret_injunction_gagging_The_Guardian_on_Trafigura,_11_Sep_2009/ to instapaper
status code 201 for adding https://secure.wikileaks.org/wiki/Minton_report_secret_injunction_gagging_The_Guardian_on_Trafigura,_11_Sep_2009 to instapaper
status code 201 for adding http://www.tcetoday.com/trafigura to instapaper
status code 201 for adding http://wikileaks.org/leak/waterson-toxicwaste-ivorycoast-%C3%A92009.pdf to instapaper
status code 201 for adding http://www.guardian.co.uk/media/2009/oct/12/guardian-gagged-from-reporting-parliament to instapaper
status code 201 for adding http://www.guardian.co.uk/commentisfree/libertycentral/2009/oct/14/trafigura-fiasco-tears-up-textbook to instapaper
status code 201 for adding http://news.bbc.co.uk/1/hi/uk_politics/8304908.stm to instapaper
status code 201 for adding http://www.guardian.co.uk/media/2009/oct/13/guardian-gagged-parliamentary-question to instapaper
status code 201 for adding http://www.telegraph.co.uk/news/uknews/6350262/Secret-Trafigura-report-said-likely-cause-of-illness-was-release-of-toxic-gas-from-dumped-waste.html to instapaper
status code 201 for adding http://www.ruv.is/heim/frettir/frett/store64/item292385/ to instapaper
status code 201 for adding http://www.google.com/hostednews/afp/article/ALeqM5jRXbUVXZXzphjcFfhmcjSq_E262A to instapaper
status code 201 for adding http://www.telegraph.co.uk/news/newstopics/politics/defence/6261756/MoD-how-to-stop-leaks-document-is-leaked.html to instapaper
status code 201 for adding http://www.dn.se/nyheter/varlden/brittisk-instruktion-mot-lackor-har-lackt-ut-1.968704 to instapaper
status code 201 for adding http://911.wikileaks.org/ to instapaper
status code 201 for adding http://www.msnbc.msn.com/id/34149853/ns/us_news-security/ to instapaper
status code 201 for adding http://www.nbcnewyork.com/news/local-beat/Analysis-of-911-Pager-Data-Paints-Chilling-Picture-78219132.html to instapaper
status code 201 for adding http://www.theregister.co.uk/2010/06/07/wikileaks_arrest/ to instapaper
status code 201 for adding http://www.wired.com/threatlevel/2009/11/wikileaks-pages/ to instapaper
status code 201 for adding http://news.cnet.com/8301-13578_3-20000469-38.html to instapaper
status code 201 for adding http://www.nytimes.com/2010/03/18/us/18wiki.html to instapaper
status code 201 for adding http://www.wired.com/images_blogs/threatlevel/2010/03/wikithreat.pdf to instapaper
status code 201 for adding http://wikileaks.org/file/us-intel-wikileaks.pdf to instapaper
status code 201 for adding http://www.nytimes.com/2010/04/06/world/middleeast/06baghdad.html to instapaper
status code 201 for adding http://www.newyorker.com/online/blogs/newsdesk/2010/04/the-wikileaks-video-reading-the-report.html to instapaper
status code 201 for adding http://www.independent.co.uk/news/media/current-google-insights-trends-wikileaks-posts-clasified-military-video-masters-1942629.html to instapaper
status code 201 for adding http://www.wired.com/threatlevel/2010/06/leak/ to instapaper
status code 201 for adding http://news.bbc.co.uk/2/hi/world/asia_pacific/10254072.stm to instapaper
status code 201 for adding http://news.bbc.co.uk/2/hi/technology/10255887.stm to instapaper
status code 201 for adding http://news.bbc.co.uk/2/hi/technology/10265430.stm to instapaper
status code 201 for adding http://www.guardian.co.uk/media/2010/jun/21/wikileaks-founder-julian-assange-breaks-cover to instapaper
status code 201 for adding http://www.washingtonpost.com/wp-dyn/content/article/2010/06/09/AR2010060906170.html to instapaper
status code 201 for adding http://www.themonthly.com.au/monthly-essays-john-birmingham-man-who-fell-earth-julian-assange-s-wikileaks-2789 to instapaper
status code 201 for adding http://www.guardian.co.uk/commentisfree/2010/jul/25/afghanistan-war-logs-guardian-editorial?intcmp=239 to instapaper
status code 201 for adding http://online.wsj.com/article/SB10001424052748704407804575425900461793766.html?mod=WSJ_article_LatestHeadlines#articleTabs%3Darticle to instapaper
status code 201 for adding http://www.thedailybeast.com/blogs-and-stories/2010-08-10/a-western-crackdown-on-wikileaks/ to instapaper
status code 201 for adding http://online.wsj.com/article/NA_WSJ_PUB:SB10001424052748704488404575441673460880204.html to instapaper
status code 201 for adding http://news.smh.com.au/breaking-news-national/assange-may-have-committed-offence-ada-20100728-10vp8.html to instapaper
status code 201 for adding http://online.wsj.com/article/SB10001424052748703940904575395500694117006.html?mod=googlenews_wsj#articleTabs%3Darticle to instapaper
status code 201 for adding http://www1.voanews.com/english/news/Embattled-Wikileaks-Founder-Facing-Rape-Charge-in-Sweden-101219394.html to instapaper
status code 201 for adding http://www.foxnews.com/story/0,2933,597965,00.html to instapaper
status code 201 for adding http://www.zcommunications.org/why-wikileaks-must-be-protected-by-john-pilger to instapaper
status code 201 for adding http://www.nytimes.com/2010/08/19/world/19wiki.html to instapaper
status code 201 for adding http://www.nytimes.com/2010/10/24/world/24assange.html?_r=2 to instapaper
status code 201 for adding http://www.spiegel.de/netzwelt/netzpolitik/0,1518,712408,00.html to instapaper
status code 201 for adding http://www.wdr.de/themen/panorama/loveparade_2010/aktuell/100818.jhtml to instapaper
status code 201 for adding http://wikileaks.org/wiki/Loveparade_2010_Duisburg_planning_documents,_2007-2010 to instapaper
status code 201 for adding http://www.news.com.au/technology/wikileaks-releases-documents-on-love-parade-tragedy/story-e6frfrnr-1225908260011 to instapaper
status code 201 for adding http://www.cbsnews.com/stories/2010/10/16/national/main6964276.shtml to instapaper
status code 201 for adding http://www.twitlonger.com/show/6hqu1n to instapaper
status code 201 for adding http://www.guardian.co.uk/world/2010/oct/22/iraq-war-logs-military-leaks to instapaper
status code 201 for adding http://www.bbc.co.uk/news/world-middle-east-11611319 to instapaper
status code 201 for adding http://twitter.com/#!/wikileaks/status/6564225640042499 to instapaper
status code 201 for adding http://www.techeye.net/internet/wikileaks-promises-leak-seven-times-bigger-than-iraq to instapaper
status code 201 for adding http://www.focus-fen.net/index.php?id=n235797 to instapaper
status code 201 for adding http://www.indexoncensorship.org/2010/11/us-uk-wikileaks-d-notice-leak/ to instapaper
status code 201 for adding http://www.webcitation.org/5uXW29Chj to instapaper
status code 201 for adding http://www.dawn.com/2010/11/27/wikileaks-plans-to-release-94-papers-about-pakistan-2.html to instapaper
status code 201 for adding http://www.webcitation.org/5uZqzdckM to instapaper
status code 201 for adding http://news.smh.com.au/breaking-news-world/us-rejects-talks-with-wikileaks-20101128-18c57.html to instapaper
status code 201 for adding http://www.webcitation.org/5uZqSSqr6 to instapaper
status code 201 for adding http://media.washingtonpost.com/wp-srv/politics/documents/Dept_of_State_Assange_letter.pdf to instapaper
status code 201 for adding http://www.bbc.co.uk/news/world-us-canada-11858637 to instapaper
status code 201 for adding http://twitter.com/wikileaks/status/8924979961798657 to instapaper
status code 201 for adding http://www.guardian.co.uk/world/2010/nov/28/us-embassy-cables-spying-un to instapaper
status code 201 for adding http://www.nydailynews.com/news/world/2010/11/28/2010-11-28_media_unveils_classified_documents_via_wikileaks_website_in_explosive_release_of.html to instapaper
status code 201 for adding http://www.google.com/insights/search/#geo=US&date=today%207-d&gprop=news&cmpt=q to instapaper
status code 201 for adding http://edition.cnn.com/2010/US/11/29/wikileaks/index.html to instapaper
status code 201 for adding http://www.washingtonpost.com/wp-dyn/content/article/2010/12/03/AR2010120303214.html to instapaper
status code 201 for adding http://www.washingtonpost.com/wp-dyn/content/article/2010/05/19/AR2010051905333.html to instapaper
status code 201 for adding http://www.ted.com/talks/julian_assange_why_the_world_needs_wikileaks.html to instapaper
status code 201 for adding http://edition.cnn.com/2010/TECH/web/07/16/wikileaks.disclosures/ to instapaper
status code 201 for adding http://www.dailymail.co.uk/news/article-1329561/Wikileaks-Russian-corruption-expose-plan-linked-Alexander-Lebedev-bank-raid.html to instapaper
status code 201 for adding http://www.csmonitor.com/World/Europe/2010/1026/WikiLeaks-ready-to-drop-a-bombshell-on-Russia.-But-will-Russians-get-to-read-about-it to instapaper
status code 201 for adding http://blogs.forbes.com/andygreenberg/2010/11/29/an-interview-with-wikileaks-julian-assange/2/ to instapaper
status code 201 for adding http://news.bostonherald.com/business/general/view.bg?articleid=1299995 to instapaper
status code 201 for adding http://www.npr.org/blogs/thetwo-way/2010/12/01/131727190/bank-of-america-stock-steadies-after-wikileaks-related-drop to instapaper
status code 201 for adding http://dealbook.nytimes.com/2010/11/30/wikileaks-next-target-bank-of-america/ to instapaper
status code 201 for adding http://www.cnbc.com/id/40471184/ to instapaper
status code 201 for adding http://www.bbc.co.uk/news/world-europe-11921080 to instapaper
status code 201 for adding http://en.wikiquote.org/wiki/Special:Search/WikiLeaks to instapaper
status code 201 for adding http://commons.wikimedia.org/wiki/Category:Wikileaks to instapaper
status code 201 for adding http://twitter.com/wikileaks to instapaper
status code 201 for adding http://www.fas.org/blog/secrecy/2010/06/wikileaks_review.html to instapaper
status code 201 for adding http://c2047862.cdn.cloudfiles.rackspacecloud.com/Saturday%20Keynote%20-%20Wikileaks.mp3 to instapaper
status code 201 for adding http://www.havanatimes.org/?p=31387 to instapaper
status code 201 for adding http://latimesblogs.latimes.com/technology/2010/12/wikileaks-bahnhof-amazon.html to instapaper
status code 201 for adding http://www.everydns.com/news.php to instapaper
status code 201 for adding http://www.democracynow.org/2010/10/22/wikileaks_prepares_largest_intel_leak_in to instapaper
status code 201 for adding http://fora.tv/2010/04/18/Logan_Symposium_The_New_Initiatives to instapaper
status code 201 for adding http://chaosradio.ccc.de/25c3_m4v_2916.html to instapaper
status code 201 for adding http://events.ccc.de/congress/2008/wiki/Conference_Recordings#Official_Releases to instapaper
status code 201 for adding http://www.onthemedia.org/transcripts/2009/03/13/04/ to instapaper
status code 201 for adding http://www.colbertnation.com/the-colbert-report-videos/270712/april-12-2010/julian-assange to instapaper
status code 201 for adding http://www.r-bloggers.com/animated-heatmap-of-wikileaks-report-intensity-in-afghanistan/ to instapaper
status code 201 for adding http://www.wlcentral.org/ to instapaper
status code 201 for adding http://creativecommons.org/licenses/by-sa/3.0/ to instapaper
status code 201 for adding http://wikimediafoundation.org/wiki/Terms_of_Use to instapaper
status code 201 for adding http://www.wikimediafoundation.org/ to instapaper
status code 201 for adding http://wikimediafoundation.org/wiki/Privacy_policy to instapaper
status code 201 for adding http://www.mediawiki.org/ to instapaper
status code 201 for adding http://wikimediafoundation.org/ to instapaper
